[ 2012-11-08T19:16:57+08:00 ] /php/app/ | INFO: Tag[ app_begin ] --START--
[ 2012-11-08T19:16:57+08:00 ] /php/app/ | INFO: Run ReadHtmlCache Behavior [ RunTime:0.002254s ]
[ 2012-11-08T19:16:57+08:00 ] /php/app/ | INFO: Tag[ app_begin ] --END-- [ RunTime:0.131662s ]
[ 2012-11-08T19:16:57+08:00 ] /php/app/ | SQL: SHOW COLUMNS FROM `think_form` [ RunTime:0.002631s ]
[ 2012-11-08T19:16:57+08:00 ] /php/app/ | SQL: SELECT * FROM `think_form` ORDER BY id desc LIMIT 6   [ RunTime:0.007345s ]
[ 2012-11-08T19:16:57+08:00 ] /php/app/ | INFO: Tag[ view_template ] --START--
[ 2012-11-08T19:16:57+08:00 ] /php/app/ | INFO: Run LocationTemplate Behavior [ RunTime:0.002115s ]
[ 2012-11-08T19:16:57+08:00 ] /php/app/ | INFO: Tag[ view_template ] --END-- [ RunTime:0.002233s ]
[ 2012-11-08T19:16:57+08:00 ] /php/app/ | INFO: Tag[ view_parse ] --START--
[ 2012-11-08T19:16:57+08:00 ] /php/app/ | INFO: Run ParseTemplate Behavior [ RunTime:0.094856s ]
[ 2012-11-08T19:16:57+08:00 ] /php/app/ | INFO: Tag[ view_parse ] --END-- [ RunTime:0.094992s ]
[ 2012-11-08T19:16:57+08:00 ] /php/app/ | INFO: Tag[ view_filter ] --START--
[ 2012-11-08T19:16:57+08:00 ] /php/app/ | INFO: Run ContentReplace Behavior [ RunTime:0.011108s ]
[ 2012-11-08T19:16:57+08:00 ] /php/app/ | INFO: Run TokenBuild Behavior [ RunTime:0.001782s ]
[ 2012-11-08T19:16:57+08:00 ] /php/app/ | INFO: Run WriteHtmlCache Behavior [ RunTime:0.001515s ]
[ 2012-11-08T19:16:57+08:00 ] /php/app/ | INFO: Run ShowRuntime Behavior [ RunTime:0.002096s ]
[ 2012-11-08T19:16:57+08:00 ] /php/app/ | INFO: Tag[ view_filter ] --END-- [ RunTime:0.016767s ]
[ 2012-11-08T19:16:57+08:00 ] /php/app/ | INFO: Tag[ view_end ] --START--
[ 2012-11-08T19:16:57+08:00 ] /php/app/ | INFO: Run ShowPageTrace Behavior [ RunTime:0.001018s ]
[ 2012-11-08T19:16:57+08:00 ] /php/app/ | INFO: Tag[ view_end ] --END-- [ RunTime:0.001095s ]
[ 2012-11-08T19:16:57+08:00 ] /php/app/ | INFO: Tag[ app_begin ] --START--
[ 2012-11-08T19:16:57+08:00 ] /php/app/ | INFO: Run ReadHtmlCache Behavior [ RunTime:0.002236s ]
[ 2012-11-08T19:16:57+08:00 ] /php/app/ | INFO: Tag[ app_begin ] --END-- [ RunTime:0.131662s ]
[ 2012-11-08T19:16:57+08:00 ] /php/app/ | SQL: SHOW COLUMNS FROM `think_form` [ RunTime:0.002533s ]
[ 2012-11-08T19:16:57+08:00 ] /php/app/ | SQL: SELECT * FROM `think_form` ORDER BY id desc LIMIT 6   [ RunTime:0.007519s ]
[ 2012-11-08T19:16:57+08:00 ] /php/app/ | INFO: Tag[ view_template ] --START--
[ 2012-11-08T19:16:57+08:00 ] /php/app/ | INFO: Run LocationTemplate Behavior [ RunTime:0.001511s ]
[ 2012-11-08T19:16:57+08:00 ] /php/app/ | INFO: Tag[ view_template ] --END-- [ RunTime:0.001604s ]
[ 2012-11-08T19:16:57+08:00 ] /php/app/ | INFO: Tag[ view_parse ] --START--
[ 2012-11-08T19:16:57+08:00 ] /php/app/ | INFO: Run ParseTemplate Behavior [ RunTime:0.014712s ]
[ 2012-11-08T19:16:57+08:00 ] /php/app/ | INFO: Tag[ view_parse ] --END-- [ RunTime:0.014826s ]
[ 2012-11-08T19:16:57+08:00 ] /php/app/ | INFO: Tag[ view_filter ] --START--
[ 2012-11-08T19:16:57+08:00 ] /php/app/ | INFO: Run ContentReplace Behavior [ RunTime:0.001023s ]
[ 2012-11-08T19:16:57+08:00 ] /php/app/ | INFO: Run TokenBuild Behavior [ RunTime:0.000966s ]
[ 2012-11-08T19:16:57+08:00 ] /php/app/ | INFO: Run WriteHtmlCache Behavior [ RunTime:0.000744s ]
[ 2012-11-08T19:16:57+08:00 ] /php/app/ | INFO: Run ShowRuntime Behavior [ RunTime:0.001177s ]
[ 2012-11-08T19:16:57+08:00 ] /php/app/ | INFO: Tag[ view_filter ] --END-- [ RunTime:0.004129s ]
[ 2012-11-08T19:16:57+08:00 ] /php/app/ | INFO: Tag[ view_end ] --START--
[ 2012-11-08T19:16:57+08:00 ] /php/app/ | INFO: Run ShowPageTrace Behavior [ RunTime:0.001015s ]
[ 2012-11-08T19:16:57+08:00 ] /php/app/ | INFO: Tag[ view_end ] --END-- [ RunTime:0.001089s ]
[ 2012-11-08T19:17:24+08:00 ] /php/app/ | INFO: Tag[ app_begin ] --START--
[ 2012-11-08T19:17:24+08:00 ] /php/app/ | INFO: Run ReadHtmlCache Behavior [ RunTime:0.001209s ]
[ 2012-11-08T19:17:24+08:00 ] /php/app/ | INFO: Tag[ app_begin ] --END-- [ RunTime:0.001351s ]
[ 2012-11-08T19:17:24+08:00 ] /php/app/ | SQL: SHOW COLUMNS FROM `think_form` [ RunTime:0.002354s ]
[ 2012-11-08T19:17:24+08:00 ] /php/app/ | SQL: SELECT * FROM `think_form` ORDER BY id desc LIMIT 6   [ RunTime:0.007346s ]
[ 2012-11-08T19:17:24+08:00 ] /php/app/ | INFO: Tag[ view_template ] --START--
[ 2012-11-08T19:17:24+08:00 ] /php/app/ | INFO: Run LocationTemplate Behavior [ RunTime:0.001488s ]
[ 2012-11-08T19:17:24+08:00 ] /php/app/ | INFO: Tag[ view_template ] --END-- [ RunTime:0.001575s ]
[ 2012-11-08T19:17:24+08:00 ] /php/app/ | INFO: Tag[ view_parse ] --START--
[ 2012-11-08T19:17:24+08:00 ] /php/app/ | INFO: Run ParseTemplate Behavior [ RunTime:0.014457s ]
[ 2012-11-08T19:17:24+08:00 ] /php/app/ | INFO: Tag[ view_parse ] --END-- [ RunTime:0.014568s ]
[ 2012-11-08T19:17:24+08:00 ] /php/app/ | INFO: Tag[ view_filter ] --START--
[ 2012-11-08T19:17:24+08:00 ] /php/app/ | INFO: Run ContentReplace Behavior [ RunTime:0.000958s ]
[ 2012-11-08T19:17:24+08:00 ] /php/app/ | INFO: Run TokenBuild Behavior [ RunTime:0.000995s ]
[ 2012-11-08T19:17:24+08:00 ] /php/app/ | INFO: Run WriteHtmlCache Behavior [ RunTime:0.000757s ]
[ 2012-11-08T19:17:24+08:00 ] /php/app/ | INFO: Run ShowRuntime Behavior [ RunTime:0.001150s ]
[ 2012-11-08T19:17:24+08:00 ] /php/app/ | INFO: Tag[ view_filter ] --END-- [ RunTime:0.004101s ]
[ 2012-11-08T19:17:24+08:00 ] /php/app/ | INFO: Tag[ view_end ] --START--
[ 2012-11-08T19:17:24+08:00 ] /php/app/ | INFO: Run ShowPageTrace Behavior [ RunTime:0.001127s ]
[ 2012-11-08T19:17:24+08:00 ] /php/app/ | INFO: Tag[ view_end ] --END-- [ RunTime:0.001204s ]
[ 2012-11-08T19:18:50+08:00 ] /php/app/ | INFO: Tag[ app_begin ] --START--
[ 2012-11-08T19:18:50+08:00 ] /php/app/ | INFO: Run ReadHtmlCache Behavior [ RunTime:0.001384s ]
[ 2012-11-08T19:18:50+08:00 ] /php/app/ | INFO: Tag[ app_begin ] --END-- [ RunTime:0.001552s ]
[ 2012-11-08T19:18:50+08:00 ] /php/app/ | SQL: SHOW COLUMNS FROM `think_form` [ RunTime:0.002357s ]
[ 2012-11-08T19:18:50+08:00 ] /php/app/ | SQL: SELECT * FROM `think_form` ORDER BY id desc LIMIT 5   [ RunTime:0.007602s ]
[ 2012-11-08T19:18:50+08:00 ] /php/app/ | INFO: Tag[ view_template ] --START--
[ 2012-11-08T19:18:50+08:00 ] /php/app/ | INFO: Run LocationTemplate Behavior [ RunTime:0.001833s ]
[ 2012-11-08T19:18:50+08:00 ] /php/app/ | INFO: Tag[ view_template ] --END-- [ RunTime:0.001941s ]
[ 2012-11-08T19:18:50+08:00 ] /php/app/ | INFO: Tag[ view_parse ] --START--
[ 2012-11-08T19:18:50+08:00 ] /php/app/ | INFO: Run ParseTemplate Behavior [ RunTime:0.015056s ]
[ 2012-11-08T19:18:50+08:00 ] /php/app/ | INFO: Tag[ view_parse ] --END-- [ RunTime:0.015226s ]
[ 2012-11-08T19:18:50+08:00 ] /php/app/ | INFO: Tag[ view_filter ] --START--
[ 2012-11-08T19:18:50+08:00 ] /php/app/ | INFO: Run ContentReplace Behavior [ RunTime:0.001198s ]
[ 2012-11-08T19:18:50+08:00 ] /php/app/ | INFO: Run TokenBuild Behavior [ RunTime:0.000999s ]
[ 2012-11-08T19:18:50+08:00 ] /php/app/ | INFO: Run WriteHtmlCache Behavior [ RunTime:0.000774s ]
[ 2012-11-08T19:18:50+08:00 ] /php/app/ | INFO: Run ShowRuntime Behavior [ RunTime:0.000997s ]
[ 2012-11-08T19:18:50+08:00 ] /php/app/ | INFO: Tag[ view_filter ] --END-- [ RunTime:0.004213s ]
[ 2012-11-08T19:18:50+08:00 ] /php/app/ | INFO: Tag[ view_end ] --START--
[ 2012-11-08T19:18:50+08:00 ] /php/app/ | INFO: Run ShowPageTrace Behavior [ RunTime:0.000988s ]
[ 2012-11-08T19:18:50+08:00 ] /php/app/ | INFO: Tag[ view_end ] --END-- [ RunTime:0.001064s ]
[ 2012-11-08T19:29:34+08:00 ] /php/app/ | INFO: Tag[ app_begin ] --START--
[ 2012-11-08T19:29:34+08:00 ] /php/app/ | INFO: Run ReadHtmlCache Behavior [ RunTime:0.001241s ]
[ 2012-11-08T19:29:34+08:00 ] /php/app/ | INFO: Tag[ app_begin ] --END-- [ RunTime:0.001441s ]
[ 2012-11-08T19:29:34+08:00 ] /php/app/ | SQL: SHOW COLUMNS FROM `think_form` [ RunTime:0.002345s ]
[ 2012-11-08T19:29:34+08:00 ] /php/app/ | SQL: SELECT * FROM `think_form` ORDER BY id desc LIMIT 5   [ RunTime:0.007185s ]
[ 2012-11-08T19:29:34+08:00 ] /php/app/ | INFO: Tag[ view_template ] --START--
[ 2012-11-08T19:29:34+08:00 ] /php/app/ | INFO: Run LocationTemplate Behavior [ RunTime:0.001472s ]
[ 2012-11-08T19:29:34+08:00 ] /php/app/ | INFO: Tag[ view_template ] --END-- [ RunTime:0.001589s ]
[ 2012-11-08T19:29:34+08:00 ] /php/app/ | INFO: Tag[ view_parse ] --START--
[ 2012-11-08T19:29:34+08:00 ] /php/app/ | INFO: Run ParseTemplate Behavior [ RunTime:0.014932s ]
[ 2012-11-08T19:29:34+08:00 ] /php/app/ | INFO: Tag[ view_parse ] --END-- [ RunTime:0.015055s ]
[ 2012-11-08T19:29:34+08:00 ] /php/app/ | INFO: Tag[ view_filter ] --START--
[ 2012-11-08T19:29:34+08:00 ] /php/app/ | INFO: Run ContentReplace Behavior [ RunTime:0.001004s ]
[ 2012-11-08T19:29:34+08:00 ] /php/app/ | INFO: Run TokenBuild Behavior [ RunTime:0.000985s ]
[ 2012-11-08T19:29:34+08:00 ] /php/app/ | INFO: Run WriteHtmlCache Behavior [ RunTime:0.000788s ]
[ 2012-11-08T19:29:34+08:00 ] /php/app/ | INFO: Run ShowRuntime Behavior [ RunTime:0.001010s ]
[ 2012-11-08T19:29:34+08:00 ] /php/app/ | INFO: Tag[ view_filter ] --END-- [ RunTime:0.004025s ]
[ 2012-11-08T19:29:34+08:00 ] /php/app/ | INFO: Tag[ view_end ] --START--
[ 2012-11-08T19:29:34+08:00 ] /php/app/ | INFO: Run ShowPageTrace Behavior [ RunTime:0.001192s ]
[ 2012-11-08T19:29:34+08:00 ] /php/app/ | INFO: Tag[ view_end ] --END-- [ RunTime:0.001283s ]
[ 2012-11-08T19:30:59+08:00 ] /php/app/ | INFO: Tag[ app_begin ] --START--
[ 2012-11-08T19:30:59+08:00 ] /php/app/ | INFO: Run ReadHtmlCache Behavior [ RunTime:0.001252s ]
[ 2012-11-08T19:30:59+08:00 ] /php/app/ | INFO: Tag[ app_begin ] --END-- [ RunTime:0.001442s ]
[ 2012-11-08T19:30:59+08:00 ] /php/app/ | SQL: SHOW COLUMNS FROM `think_form` [ RunTime:0.065693s ]
[ 2012-11-08T19:30:59+08:00 ] /php/app/ | SQL: SELECT * FROM `think_form` ORDER BY id desc LIMIT 6   [ RunTime:0.010515s ]
[ 2012-11-08T19:30:59+08:00 ] /php/app/ | INFO: Tag[ view_template ] --START--
[ 2012-11-08T19:30:59+08:00 ] /php/app/ | INFO: Run LocationTemplate Behavior [ RunTime:0.003331s ]
[ 2012-11-08T19:30:59+08:00 ] /php/app/ | INFO: Tag[ view_template ] --END-- [ RunTime:0.003528s ]
[ 2012-11-08T19:30:59+08:00 ] /php/app/ | INFO: Tag[ view_parse ] --START--
[ 2012-11-08T19:30:59+08:00 ] /php/app/ | INFO: Run ParseTemplate Behavior [ RunTime:0.027540s ]
[ 2012-11-08T19:30:59+08:00 ] /php/app/ | INFO: Tag[ view_parse ] --END-- [ RunTime:0.027737s ]
[ 2012-11-08T19:30:59+08:00 ] /php/app/ | INFO: Tag[ view_filter ] --START--
[ 2012-11-08T19:30:59+08:00 ] /php/app/ | INFO: Run ContentReplace Behavior [ RunTime:0.001626s ]
[ 2012-11-08T19:30:59+08:00 ] /php/app/ | INFO: Run TokenBuild Behavior [ RunTime:0.001674s ]
[ 2012-11-08T19:30:59+08:00 ] /php/app/ | INFO: Run WriteHtmlCache Behavior [ RunTime:0.001002s ]
[ 2012-11-08T19:30:59+08:00 ] /php/app/ | INFO: Run ShowRuntime Behavior [ RunTime:0.001272s ]
[ 2012-11-08T19:30:59+08:00 ] /php/app/ | INFO: Tag[ view_filter ] --END-- [ RunTime:0.005910s ]
[ 2012-11-08T19:30:59+08:00 ] /php/app/ | INFO: Tag[ view_end ] --START--
[ 2012-11-08T19:30:59+08:00 ] /php/app/ | INFO: Run ShowPageTrace Behavior [ RunTime:0.001269s ]
[ 2012-11-08T19:30:59+08:00 ] /php/app/ | INFO: Tag[ view_end ] --END-- [ RunTime:0.001370s ]
[ 2012-11-08T19:31:34+08:00 ] /php/app/ | INFO: Tag[ app_begin ] --START--
[ 2012-11-08T19:31:34+08:00 ] /php/app/ | INFO: Run ReadHtmlCache Behavior [ RunTime:0.000719s ]
[ 2012-11-08T19:31:34+08:00 ] /php/app/ | INFO: Tag[ app_begin ] --END-- [ RunTime:0.000874s ]
[ 2012-11-08T19:31:34+08:00 ] /php/app/ | SQL: SHOW COLUMNS FROM `think_form` [ RunTime:0.002356s ]
[ 2012-11-08T19:31:34+08:00 ] /php/app/ | SQL: SELECT * FROM `think_form` ORDER BY id desc LIMIT 6   [ RunTime:0.008380s ]
[ 2012-11-08T19:31:34+08:00 ] /php/app/ | INFO: Tag[ view_template ] --START--
[ 2012-11-08T19:31:34+08:00 ] /php/app/ | INFO: Run LocationTemplate Behavior [ RunTime:0.000528s ]
[ 2012-11-08T19:31:34+08:00 ] /php/app/ | INFO: Tag[ view_template ] --END-- [ RunTime:0.000610s ]
[ 2012-11-08T19:31:34+08:00 ] /php/app/ | INFO: Tag[ view_parse ] --START--
[ 2012-11-08T19:31:35+08:00 ] /php/app/ | INFO: Run ParseTemplate Behavior [ RunTime:0.013854s ]
[ 2012-11-08T19:31:35+08:00 ] /php/app/ | INFO: Tag[ view_parse ] --END-- [ RunTime:0.013973s ]
[ 2012-11-08T19:31:35+08:00 ] /php/app/ | INFO: Tag[ view_filter ] --START--
[ 2012-11-08T19:31:35+08:00 ] /php/app/ | INFO: Run ContentReplace Behavior [ RunTime:0.000546s ]
[ 2012-11-08T19:31:35+08:00 ] /php/app/ | INFO: Run TokenBuild Behavior [ RunTime:0.000644s ]
[ 2012-11-08T19:31:35+08:00 ] /php/app/ | INFO: Run WriteHtmlCache Behavior [ RunTime:0.000258s ]
[ 2012-11-08T19:31:35+08:00 ] /php/app/ | INFO: Run ShowRuntime Behavior [ RunTime:0.000514s ]
[ 2012-11-08T19:31:35+08:00 ] /php/app/ | INFO: Tag[ view_filter ] --END-- [ RunTime:0.002177s ]
[ 2012-11-08T19:31:35+08:00 ] /php/app/ | INFO: Tag[ view_end ] --START--
[ 2012-11-08T19:31:35+08:00 ] /php/app/ | INFO: Run ShowPageTrace Behavior [ RunTime:0.000490s ]
[ 2012-11-08T19:31:35+08:00 ] /php/app/ | INFO: Tag[ view_end ] --END-- [ RunTime:0.000590s ]
[ 2012-11-08T19:31:54+08:00 ] /php/app/ | INFO: Tag[ app_begin ] --START--
[ 2012-11-08T19:31:54+08:00 ] /php/app/ | INFO: Run ReadHtmlCache Behavior [ RunTime:0.000658s ]
[ 2012-11-08T19:31:54+08:00 ] /php/app/ | INFO: Tag[ app_begin ] --END-- [ RunTime:0.000794s ]
[ 2012-11-08T19:31:54+08:00 ] /php/app/ | SQL: SHOW COLUMNS FROM `think_form` [ RunTime:0.002351s ]
[ 2012-11-08T19:31:54+08:00 ] /php/app/ | SQL: SELECT * FROM `think_form` ORDER BY id desc LIMIT 6   [ RunTime:0.007819s ]
[ 2012-11-08T19:31:54+08:00 ] /php/app/ | INFO: Tag[ view_template ] --START--
[ 2012-11-08T19:31:54+08:00 ] /php/app/ | INFO: Run LocationTemplate Behavior [ RunTime:0.001555s ]
[ 2012-11-08T19:31:54+08:00 ] /php/app/ | INFO: Tag[ view_template ] --END-- [ RunTime:0.001645s ]
[ 2012-11-08T19:31:54+08:00 ] /php/app/ | INFO: Tag[ view_parse ] --START--
[ 2012-11-08T19:31:54+08:00 ] /php/app/ | INFO: Run ParseTemplate Behavior [ RunTime:0.014933s ]
[ 2012-11-08T19:31:54+08:00 ] /php/app/ | INFO: Tag[ view_parse ] --END-- [ RunTime:0.015079s ]
[ 2012-11-08T19:31:54+08:00 ] /php/app/ | INFO: Tag[ view_filter ] --START--
[ 2012-11-08T19:31:54+08:00 ] /php/app/ | INFO: Run ContentReplace Behavior [ RunTime:0.001514s ]
[ 2012-11-08T19:31:54+08:00 ] /php/app/ | INFO: Run TokenBuild Behavior [ RunTime:0.001582s ]
[ 2012-11-08T19:31:54+08:00 ] /php/app/ | INFO: Run WriteHtmlCache Behavior [ RunTime:0.001394s ]
[ 2012-11-08T19:31:54+08:00 ] /php/app/ | INFO: Run ShowRuntime Behavior [ RunTime:0.001476s ]
[ 2012-11-08T19:31:54+08:00 ] /php/app/ | INFO: Tag[ view_filter ] --END-- [ RunTime:0.006357s ]
[ 2012-11-08T19:31:54+08:00 ] /php/app/ | INFO: Tag[ view_end ] --START--
[ 2012-11-08T19:31:54+08:00 ] /php/app/ | INFO: Run ShowPageTrace Behavior [ RunTime:0.001728s ]
[ 2012-11-08T19:31:54+08:00 ] /php/app/ | INFO: Tag[ view_end ] --END-- [ RunTime:0.001899s ]
[ 2012-11-08T19:32:16+08:00 ] /php/app/ | INFO: Tag[ app_begin ] --START--
[ 2012-11-08T19:32:16+08:00 ] /php/app/ | INFO: Run ReadHtmlCache Behavior [ RunTime:0.001297s ]
[ 2012-11-08T19:32:16+08:00 ] /php/app/ | INFO: Tag[ app_begin ] --END-- [ RunTime:0.001447s ]
[ 2012-11-08T19:32:16+08:00 ] /php/app/ | SQL: SHOW COLUMNS FROM `think_form` [ RunTime:0.002356s ]
[ 2012-11-08T19:32:16+08:00 ] /php/app/ | SQL: SELECT * FROM `think_form` ORDER BY id desc LIMIT 6   [ RunTime:0.008020s ]
[ 2012-11-08T19:32:16+08:00 ] /php/app/ | INFO: Tag[ view_template ] --START--
[ 2012-11-08T19:32:16+08:00 ] /php/app/ | INFO: Run LocationTemplate Behavior [ RunTime:0.001532s ]
[ 2012-11-08T19:32:16+08:00 ] /php/app/ | INFO: Tag[ view_template ] --END-- [ RunTime:0.001620s ]
[ 2012-11-08T19:32:16+08:00 ] /php/app/ | INFO: Tag[ view_parse ] --START--
[ 2012-11-08T19:32:16+08:00 ] /php/app/ | INFO: Run ParseTemplate Behavior [ RunTime:0.015538s ]
[ 2012-11-08T19:32:16+08:00 ] /php/app/ | INFO: Tag[ view_parse ] --END-- [ RunTime:0.015672s ]
[ 2012-11-08T19:32:16+08:00 ] /php/app/ | INFO: Tag[ view_filter ] --START--
[ 2012-11-08T19:32:16+08:00 ] /php/app/ | INFO: Run ContentReplace Behavior [ RunTime:0.000983s ]
[ 2012-11-08T19:32:16+08:00 ] /php/app/ | INFO: Run TokenBuild Behavior [ RunTime:0.000972s ]
[ 2012-11-08T19:32:16+08:00 ] /php/app/ | INFO: Run WriteHtmlCache Behavior [ RunTime:0.001297s ]
[ 2012-11-08T19:32:16+08:00 ] /php/app/ | INFO: Run ShowRuntime Behavior [ RunTime:0.001053s ]
[ 2012-11-08T19:32:16+08:00 ] /php/app/ | INFO: Tag[ view_filter ] --END-- [ RunTime:0.004569s ]
[ 2012-11-08T19:32:16+08:00 ] /php/app/ | INFO: Tag[ view_end ] --START--
[ 2012-11-08T19:32:16+08:00 ] /php/app/ | INFO: Run ShowPageTrace Behavior [ RunTime:0.000984s ]
[ 2012-11-08T19:32:16+08:00 ] /php/app/ | INFO: Tag[ view_end ] --END-- [ RunTime:0.001061s ]
[ 2012-11-08T19:32:54+08:00 ] /php/app/ | INFO: Tag[ app_begin ] --START--
[ 2012-11-08T19:32:54+08:00 ] /php/app/ | INFO: Run ReadHtmlCache Behavior [ RunTime:0.001421s ]
[ 2012-11-08T19:32:54+08:00 ] /php/app/ | INFO: Tag[ app_begin ] --END-- [ RunTime:0.001572s ]
[ 2012-11-08T19:32:54+08:00 ] /php/app/ | SQL: SHOW COLUMNS FROM `think_form` [ RunTime:0.002529s ]
[ 2012-11-08T19:32:54+08:00 ] /php/app/ | SQL: SELECT * FROM `think_form` ORDER BY id desc LIMIT 6   [ RunTime:0.007533s ]
[ 2012-11-08T19:32:54+08:00 ] /php/app/ | INFO: Tag[ view_template ] --START--
[ 2012-11-08T19:32:54+08:00 ] /php/app/ | INFO: Run LocationTemplate Behavior [ RunTime:0.002154s ]
[ 2012-11-08T19:32:54+08:00 ] /php/app/ | INFO: Tag[ view_template ] --END-- [ RunTime:0.002309s ]
[ 2012-11-08T19:32:54+08:00 ] /php/app/ | INFO: Tag[ view_parse ] --START--
[ 2012-11-08T19:32:54+08:00 ] /php/app/ | INFO: Run ParseTemplate Behavior [ RunTime:0.014574s ]
[ 2012-11-08T19:32:54+08:00 ] /php/app/ | INFO: Tag[ view_parse ] --END-- [ RunTime:0.014704s ]
[ 2012-11-08T19:32:54+08:00 ] /php/app/ | INFO: Tag[ view_filter ] --START--
[ 2012-11-08T19:32:54+08:00 ] /php/app/ | INFO: Run ContentReplace Behavior [ RunTime:0.000955s ]
[ 2012-11-08T19:32:54+08:00 ] /php/app/ | INFO: Run TokenBuild Behavior [ RunTime:0.000964s ]
[ 2012-11-08T19:32:54+08:00 ] /php/app/ | INFO: Run WriteHtmlCache Behavior [ RunTime:0.000750s ]
[ 2012-11-08T19:32:54+08:00 ] /php/app/ | INFO: Run ShowRuntime Behavior [ RunTime:0.000981s ]
[ 2012-11-08T19:32:54+08:00 ] /php/app/ | INFO: Tag[ view_filter ] --END-- [ RunTime:0.003865s ]
[ 2012-11-08T19:32:54+08:00 ] /php/app/ | INFO: Tag[ view_end ] --START--
[ 2012-11-08T19:32:54+08:00 ] /php/app/ | INFO: Run ShowPageTrace Behavior [ RunTime:0.001259s ]
[ 2012-11-08T19:32:54+08:00 ] /php/app/ | INFO: Tag[ view_end ] --END-- [ RunTime:0.001351s ]
[ 2012-11-08T19:34:12+08:00 ] /php/app/ | INFO: Tag[ app_begin ] --START--
[ 2012-11-08T19:34:12+08:00 ] /php/app/ | INFO: Run ReadHtmlCache Behavior [ RunTime:0.000673s ]
[ 2012-11-08T19:34:12+08:00 ] /php/app/ | INFO: Tag[ app_begin ] --END-- [ RunTime:0.000822s ]
[ 2012-11-08T19:34:12+08:00 ] /php/app/ | SQL: SHOW COLUMNS FROM `think_form` [ RunTime:0.002367s ]
[ 2012-11-08T19:34:12+08:00 ] /php/app/ | SQL: SELECT * FROM `think_form` ORDER BY id desc LIMIT 6   [ RunTime:0.008140s ]
[ 2012-11-08T19:34:12+08:00 ] /php/app/ | INFO: Tag[ view_template ] --START--
[ 2012-11-08T19:34:12+08:00 ] /php/app/ | INFO: Run LocationTemplate Behavior [ RunTime:0.000733s ]
[ 2012-11-08T19:34:12+08:00 ] /php/app/ | INFO: Tag[ view_template ] --END-- [ RunTime:0.000851s ]
[ 2012-11-08T19:34:12+08:00 ] /php/app/ | INFO: Tag[ view_parse ] --START--
[ 2012-11-08T19:34:12+08:00 ] /php/app/ | INFO: Run ParseTemplate Behavior [ RunTime:0.012496s ]
[ 2012-11-08T19:34:12+08:00 ] /php/app/ | INFO: Tag[ view_parse ] --END-- [ RunTime:0.012646s ]
[ 2012-11-08T19:34:12+08:00 ] /php/app/ | INFO: Tag[ view_filter ] --START--
[ 2012-11-08T19:34:12+08:00 ] /php/app/ | INFO: Run ContentReplace Behavior [ RunTime:0.000696s ]
[ 2012-11-08T19:34:12+08:00 ] /php/app/ | INFO: Run TokenBuild Behavior [ RunTime:0.000749s ]
[ 2012-11-08T19:34:12+08:00 ] /php/app/ | INFO: Run WriteHtmlCache Behavior [ RunTime:0.000358s ]
[ 2012-11-08T19:34:12+08:00 ] /php/app/ | INFO: Run ShowRuntime Behavior [ RunTime:0.000694s ]
[ 2012-11-08T19:34:12+08:00 ] /php/app/ | INFO: Tag[ view_filter ] --END-- [ RunTime:0.002869s ]
[ 2012-11-08T19:34:12+08:00 ] /php/app/ | INFO: Tag[ view_end ] --START--
[ 2012-11-08T19:34:12+08:00 ] /php/app/ | INFO: Run ShowPageTrace Behavior [ RunTime:0.000645s ]
[ 2012-11-08T19:34:12+08:00 ] /php/app/ | INFO: Tag[ view_end ] --END-- [ RunTime:0.000747s ]
[ 2012-11-08T19:36:55+08:00 ] /php/app/ | INFO: Tag[ app_begin ] --START--
[ 2012-11-08T19:36:55+08:00 ] /php/app/ | INFO: Run ReadHtmlCache Behavior [ RunTime:0.000633s ]
[ 2012-11-08T19:36:55+08:00 ] /php/app/ | INFO: Tag[ app_begin ] --END-- [ RunTime:0.000774s ]
[ 2012-11-08T19:36:55+08:00 ] /php/app/ | SQL: SHOW COLUMNS FROM `think_form` [ RunTime:0.002618s ]
[ 2012-11-08T19:36:55+08:00 ] /php/app/ | SQL: SELECT * FROM `think_form` ORDER BY id desc LIMIT 6   [ RunTime:0.007420s ]
[ 2012-11-08T19:36:55+08:00 ] /php/app/ | INFO: Tag[ view_template ] --START--
[ 2012-11-08T19:36:55+08:00 ] /php/app/ | INFO: Run LocationTemplate Behavior [ RunTime:0.001520s ]
[ 2012-11-08T19:36:55+08:00 ] /php/app/ | INFO: Tag[ view_template ] --END-- [ RunTime:0.001608s ]
[ 2012-11-08T19:36:55+08:00 ] /php/app/ | INFO: Tag[ view_parse ] --START--
[ 2012-11-08T19:36:55+08:00 ] /php/app/ | INFO: Run ParseTemplate Behavior [ RunTime:0.015072s ]
[ 2012-11-08T19:36:55+08:00 ] /php/app/ | INFO: Tag[ view_parse ] --END-- [ RunTime:0.015190s ]
[ 2012-11-08T19:36:55+08:00 ] /php/app/ | INFO: Tag[ view_filter ] --START--
[ 2012-11-08T19:36:55+08:00 ] /php/app/ | INFO: Run ContentReplace Behavior [ RunTime:0.000996s ]
[ 2012-11-08T19:36:55+08:00 ] /php/app/ | INFO: Run TokenBuild Behavior [ RunTime:0.000977s ]
[ 2012-11-08T19:36:55+08:00 ] /php/app/ | INFO: Run WriteHtmlCache Behavior [ RunTime:0.000801s ]
[ 2012-11-08T19:36:55+08:00 ] /php/app/ | INFO: Run ShowRuntime Behavior [ RunTime:0.000981s ]
[ 2012-11-08T19:36:55+08:00 ] /php/app/ | INFO: Tag[ view_filter ] --END-- [ RunTime:0.003972s ]
[ 2012-11-08T19:36:55+08:00 ] /php/app/ | INFO: Tag[ view_end ] --START--
[ 2012-11-08T19:36:55+08:00 ] /php/app/ | INFO: Run ShowPageTrace Behavior [ RunTime:0.000973s ]
[ 2012-11-08T19:36:55+08:00 ] /php/app/ | INFO: Tag[ view_end ] --END-- [ RunTime:0.001049s ]
[ 2012-11-08T19:44:19+08:00 ] /php/app/ | INFO: Tag[ app_begin ] --START--
[ 2012-11-08T19:44:19+08:00 ] /php/app/ | INFO: Run ReadHtmlCache Behavior [ RunTime:0.033081s ]
[ 2012-11-08T19:44:19+08:00 ] /php/app/ | INFO: Tag[ app_begin ] --END-- [ RunTime:0.033294s ]
[ 2012-11-08T19:44:23+08:00 ] /php/app/ | SQL: SHOW COLUMNS FROM `think_form` [ RunTime:0.540095s ]
[ 2012-11-08T19:44:23+08:00 ] /php/app/ | SQL: SELECT * FROM `think_form` ORDER BY id desc LIMIT 6   [ RunTime:0.005232s ]
[ 2012-11-08T19:44:23+08:00 ] /php/app/ | INFO: Tag[ view_template ] --START--
[ 2012-11-08T19:44:23+08:00 ] /php/app/ | INFO: Run LocationTemplate Behavior [ RunTime:0.230206s ]
[ 2012-11-08T19:44:23+08:00 ] /php/app/ | INFO: Tag[ view_template ] --END-- [ RunTime:0.230444s ]
[ 2012-11-08T19:44:23+08:00 ] /php/app/ | INFO: Tag[ view_parse ] --START--
[ 2012-11-08T19:44:24+08:00 ] /php/app/ | INFO: Run ParseTemplate Behavior [ RunTime:1.344638s ]
[ 2012-11-08T19:44:24+08:00 ] /php/app/ | INFO: Tag[ view_parse ] --END-- [ RunTime:1.344976s ]
[ 2012-11-08T19:44:24+08:00 ] /php/app/ | INFO: Tag[ view_filter ] --START--
[ 2012-11-08T19:44:24+08:00 ] /php/app/ | INFO: Run ContentReplace Behavior [ RunTime:0.136203s ]
[ 2012-11-08T19:44:25+08:00 ] /php/app/ | INFO: Run TokenBuild Behavior [ RunTime:0.103025s ]
[ 2012-11-08T19:44:25+08:00 ] /php/app/ | INFO: Run WriteHtmlCache Behavior [ RunTime:0.006840s ]
[ 2012-11-08T19:44:25+08:00 ] /php/app/ | INFO: Run ShowRuntime Behavior [ RunTime:0.012995s ]
[ 2012-11-08T19:44:25+08:00 ] /php/app/ | INFO: Tag[ view_filter ] --END-- [ RunTime:0.259619s ]
[ 2012-11-08T19:44:25+08:00 ] /php/app/ | INFO: Tag[ view_end ] --START--
[ 2012-11-08T19:44:25+08:00 ] /php/app/ | INFO: Run ShowPageTrace Behavior [ RunTime:0.075875s ]
[ 2012-11-08T19:44:25+08:00 ] /php/app/ | INFO: Tag[ view_end ] --END-- [ RunTime:0.076004s ]
[ 2012-11-08T19:45:06+08:00 ] /php/app/ | INFO: Tag[ app_begin ] --START--
[ 2012-11-08T19:45:06+08:00 ] /php/app/ | INFO: Run ReadHtmlCache Behavior [ RunTime:0.001957s ]
[ 2012-11-08T19:45:06+08:00 ] /php/app/ | INFO: Tag[ app_begin ] --END-- [ RunTime:0.002131s ]
[ 2012-11-08T19:45:06+08:00 ] /php/app/ | SQL: SHOW COLUMNS FROM `think_form` [ RunTime:0.019914s ]
[ 2012-11-08T19:45:06+08:00 ] /php/app/ | SQL: SELECT * FROM `think_form` ORDER BY id desc LIMIT 6   [ RunTime:0.008586s ]
[ 2012-11-08T19:45:06+08:00 ] /php/app/ | INFO: Tag[ view_template ] --START--
[ 2012-11-08T19:45:06+08:00 ] /php/app/ | INFO: Run LocationTemplate Behavior [ RunTime:0.001815s ]
[ 2012-11-08T19:45:06+08:00 ] /php/app/ | INFO: Tag[ view_template ] --END-- [ RunTime:0.001961s ]
[ 2012-11-08T19:45:06+08:00 ] /php/app/ | INFO: Tag[ view_parse ] --START--
[ 2012-11-08T19:45:06+08:00 ] /php/app/ | INFO: Run ParseTemplate Behavior [ RunTime:0.016307s ]
[ 2012-11-08T19:45:06+08:00 ] /php/app/ | INFO: Tag[ view_parse ] --END-- [ RunTime:0.016434s ]
[ 2012-11-08T19:45:06+08:00 ] /php/app/ | INFO: Tag[ view_filter ] --START--
[ 2012-11-08T19:45:06+08:00 ] /php/app/ | INFO: Run ContentReplace Behavior [ RunTime:0.001084s ]
[ 2012-11-08T19:45:06+08:00 ] /php/app/ | INFO: Run TokenBuild Behavior [ RunTime:0.001139s ]
[ 2012-11-08T19:45:06+08:00 ] /php/app/ | INFO: Run WriteHtmlCache Behavior [ RunTime:0.000773s ]
[ 2012-11-08T19:45:06+08:00 ] /php/app/ | INFO: Run ShowRuntime Behavior [ RunTime:0.001086s ]
[ 2012-11-08T19:45:06+08:00 ] /php/app/ | INFO: Tag[ view_filter ] --END-- [ RunTime:0.004333s ]
[ 2012-11-08T19:45:06+08:00 ] /php/app/ | INFO: Tag[ view_end ] --START--
[ 2012-11-08T19:45:06+08:00 ] /php/app/ | INFO: Run ShowPageTrace Behavior [ RunTime:0.001272s ]
[ 2012-11-08T19:45:06+08:00 ] /php/app/ | INFO: Tag[ view_end ] --END-- [ RunTime:0.001358s ]
[ 2012-11-08T19:47:50+08:00 ] /php/app/ | INFO: Tag[ app_begin ] --START--
[ 2012-11-08T19:47:50+08:00 ] /php/app/ | INFO: Run ReadHtmlCache Behavior [ RunTime:0.001162s ]
[ 2012-11-08T19:47:50+08:00 ] /php/app/ | INFO: Tag[ app_begin ] --END-- [ RunTime:0.001315s ]
[ 2012-11-08T19:47:54+08:00 ] /php/app/ | SQL: SHOW COLUMNS FROM `think_form` [ RunTime:0.808471s ]
[ 2012-11-08T19:47:54+08:00 ] /php/app/ | SQL: SELECT * FROM `think_form` ORDER BY id desc LIMIT 6   [ RunTime:0.012179s ]
[ 2012-11-08T19:47:54+08:00 ] /php/app/ | INFO: Tag[ view_template ] --START--
[ 2012-11-08T19:47:54+08:00 ] /php/app/ | INFO: Run LocationTemplate Behavior [ RunTime:0.002117s ]
[ 2012-11-08T19:47:54+08:00 ] /php/app/ | INFO: Tag[ view_template ] --END-- [ RunTime:0.002237s ]
[ 2012-11-08T19:47:54+08:00 ] /php/app/ | INFO: Tag[ view_parse ] --START--
[ 2012-11-08T19:47:54+08:00 ] /php/app/ | INFO: Run ParseTemplate Behavior [ RunTime:0.017786s ]
[ 2012-11-08T19:47:54+08:00 ] /php/app/ | INFO: Tag[ view_parse ] --END-- [ RunTime:0.017935s ]
[ 2012-11-08T19:47:54+08:00 ] /php/app/ | INFO: Tag[ view_filter ] --START--
[ 2012-11-08T19:47:54+08:00 ] /php/app/ | INFO: Run ContentReplace Behavior [ RunTime:0.001463s ]
[ 2012-11-08T19:47:54+08:00 ] /php/app/ | INFO: Run TokenBuild Behavior [ RunTime:0.001720s ]
[ 2012-11-08T19:47:54+08:00 ] /php/app/ | INFO: Run WriteHtmlCache Behavior [ RunTime:0.001286s ]
[ 2012-11-08T19:47:54+08:00 ] /php/app/ | INFO: Run ShowRuntime Behavior [ RunTime:0.002146s ]
[ 2012-11-08T19:47:54+08:00 ] /php/app/ | INFO: Tag[ view_filter ] --END-- [ RunTime:0.007229s ]
[ 2012-11-08T19:47:54+08:00 ] /php/app/ | INFO: Tag[ view_end ] --START--
[ 2012-11-08T19:47:54+08:00 ] /php/app/ | INFO: Run ShowPageTrace Behavior [ RunTime:0.001108s ]
[ 2012-11-08T19:47:54+08:00 ] /php/app/ | INFO: Tag[ view_end ] --END-- [ RunTime:0.001190s ]
[ 2012-11-08T20:09:50+08:00 ] /php/app/ | INFO: Tag[ app_begin ] --START--
[ 2012-11-08T20:09:50+08:00 ] /php/app/ | INFO: Run ReadHtmlCache Behavior [ RunTime:0.000608s ]
[ 2012-11-08T20:09:50+08:00 ] /php/app/ | INFO: Tag[ app_begin ] --END-- [ RunTime:0.000746s ]
[ 2012-11-08T20:09:50+08:00 ] /php/app/ | SQL: SHOW COLUMNS FROM `think_form` [ RunTime:0.002635s ]
[ 2012-11-08T20:09:50+08:00 ] /php/app/ | SQL: SELECT * FROM `think_form` ORDER BY id desc LIMIT 6   [ RunTime:0.008521s ]
[ 2012-11-08T20:09:50+08:00 ] /php/app/ | INFO: Tag[ view_template ] --START--
[ 2012-11-08T20:09:50+08:00 ] /php/app/ | INFO: Run LocationTemplate Behavior [ RunTime:0.002142s ]
[ 2012-11-08T20:09:50+08:00 ] /php/app/ | INFO: Tag[ view_template ] --END-- [ RunTime:0.002267s ]
[ 2012-11-08T20:09:50+08:00 ] /php/app/ | INFO: Tag[ view_parse ] --START--
[ 2012-11-08T20:09:50+08:00 ] /php/app/ | INFO: Run ParseTemplate Behavior [ RunTime:0.016326s ]
[ 2012-11-08T20:09:50+08:00 ] /php/app/ | INFO: Tag[ view_parse ] --END-- [ RunTime:0.016477s ]
[ 2012-11-08T20:09:50+08:00 ] /php/app/ | INFO: Tag[ view_filter ] --START--
[ 2012-11-08T20:09:50+08:00 ] /php/app/ | INFO: Run ContentReplace Behavior [ RunTime:0.001447s ]
[ 2012-11-08T20:09:50+08:00 ] /php/app/ | INFO: Run TokenBuild Behavior [ RunTime:0.001405s ]
[ 2012-11-08T20:09:50+08:00 ] /php/app/ | INFO: Run WriteHtmlCache Behavior [ RunTime:0.001144s ]
[ 2012-11-08T20:09:50+08:00 ] /php/app/ | INFO: Run ShowRuntime Behavior [ RunTime:0.001033s ]
[ 2012-11-08T20:09:50+08:00 ] /php/app/ | INFO: Tag[ view_filter ] --END-- [ RunTime:0.005305s ]
[ 2012-11-08T20:09:50+08:00 ] /php/app/ | INFO: Tag[ view_end ] --START--
[ 2012-11-08T20:09:50+08:00 ] /php/app/ | INFO: Run ShowPageTrace Behavior [ RunTime:0.001037s ]
[ 2012-11-08T20:09:50+08:00 ] /php/app/ | INFO: Tag[ view_end ] --END-- [ RunTime:0.001117s ]
[ 2012-11-08T20:10:13+08:00 ] /php/app/ | INFO: Tag[ app_begin ] --START--
[ 2012-11-08T20:10:13+08:00 ] /php/app/ | INFO: Run ReadHtmlCache Behavior [ RunTime:0.001195s ]
[ 2012-11-08T20:10:13+08:00 ] /php/app/ | INFO: Tag[ app_begin ] --END-- [ RunTime:0.001347s ]
[ 2012-11-08T20:10:13+08:00 ] /php/app/ | SQL: SHOW COLUMNS FROM `think_form` [ RunTime:0.002878s ]
[ 2012-11-08T20:10:13+08:00 ] /php/app/ | SQL: SELECT * FROM `think_form` ORDER BY id desc LIMIT 6   [ RunTime:0.008191s ]
[ 2012-11-08T20:10:13+08:00 ] /php/app/ | INFO: Tag[ view_template ] --START--
[ 2012-11-08T20:10:13+08:00 ] /php/app/ | INFO: Run LocationTemplate Behavior [ RunTime:0.001524s ]
[ 2012-11-08T20:10:13+08:00 ] /php/app/ | INFO: Tag[ view_template ] --END-- [ RunTime:0.001609s ]
[ 2012-11-08T20:10:13+08:00 ] /php/app/ | INFO: Tag[ view_parse ] --START--
[ 2012-11-08T20:10:13+08:00 ] /php/app/ | INFO: Run ParseTemplate Behavior [ RunTime:0.017001s ]
[ 2012-11-08T20:10:13+08:00 ] /php/app/ | INFO: Tag[ view_parse ] --END-- [ RunTime:0.017119s ]
[ 2012-11-08T20:10:13+08:00 ] /php/app/ | INFO: Tag[ view_filter ] --START--
[ 2012-11-08T20:10:13+08:00 ] /php/app/ | INFO: Run ContentReplace Behavior [ RunTime:0.001092s ]
[ 2012-11-08T20:10:13+08:00 ] /php/app/ | INFO: Run TokenBuild Behavior [ RunTime:0.000968s ]
[ 2012-11-08T20:10:13+08:00 ] /php/app/ | INFO: Run WriteHtmlCache Behavior [ RunTime:0.000747s ]
[ 2012-11-08T20:10:13+08:00 ] /php/app/ | INFO: Run ShowRuntime Behavior [ RunTime:0.001500s ]
[ 2012-11-08T20:10:13+08:00 ] /php/app/ | INFO: Tag[ view_filter ] --END-- [ RunTime:0.004559s ]
[ 2012-11-08T20:10:13+08:00 ] /php/app/ | INFO: Tag[ view_end ] --START--
[ 2012-11-08T20:10:13+08:00 ] /php/app/ | INFO: Run ShowPageTrace Behavior [ RunTime:0.001568s ]
[ 2012-11-08T20:10:13+08:00 ] /php/app/ | INFO: Tag[ view_end ] --END-- [ RunTime:0.001682s ]
[ 2012-11-08T20:10:56+08:00 ] /php/app/ | INFO: Tag[ app_begin ] --START--
[ 2012-11-08T20:10:56+08:00 ] /php/app/ | INFO: Run ReadHtmlCache Behavior [ RunTime:0.001151s ]
[ 2012-11-08T20:10:56+08:00 ] /php/app/ | INFO: Tag[ app_begin ] --END-- [ RunTime:0.001328s ]
[ 2012-11-08T20:10:56+08:00 ] /php/app/ | SQL: SHOW COLUMNS FROM `think_form` [ RunTime:0.002333s ]
[ 2012-11-08T20:10:56+08:00 ] /php/app/ | SQL: SELECT * FROM `think_form` ORDER BY id desc LIMIT 6   [ RunTime:0.008430s ]
[ 2012-11-08T20:10:56+08:00 ] /php/app/ | INFO: Tag[ view_template ] --START--
[ 2012-11-08T20:10:56+08:00 ] /php/app/ | INFO: Run LocationTemplate Behavior [ RunTime:0.001503s ]
[ 2012-11-08T20:10:56+08:00 ] /php/app/ | INFO: Tag[ view_template ] --END-- [ RunTime:0.001588s ]
[ 2012-11-08T20:10:56+08:00 ] /php/app/ | INFO: Tag[ view_parse ] --START--
[ 2012-11-08T20:10:56+08:00 ] /php/app/ | INFO: Run ParseTemplate Behavior [ RunTime:0.017901s ]
[ 2012-11-08T20:10:56+08:00 ] /php/app/ | INFO: Tag[ view_parse ] --END-- [ RunTime:0.018074s ]
[ 2012-11-08T20:10:56+08:00 ] /php/app/ | INFO: Tag[ view_filter ] --START--
[ 2012-11-08T20:10:56+08:00 ] /php/app/ | INFO: Run ContentReplace Behavior [ RunTime:0.001153s ]
[ 2012-11-08T20:10:56+08:00 ] /php/app/ | INFO: Run TokenBuild Behavior [ RunTime:0.001148s ]
[ 2012-11-08T20:10:56+08:00 ] /php/app/ | INFO: Run WriteHtmlCache Behavior [ RunTime:0.000797s ]
[ 2012-11-08T20:10:56+08:00 ] /php/app/ | INFO: Run ShowRuntime Behavior [ RunTime:0.001131s ]
[ 2012-11-08T20:10:56+08:00 ] /php/app/ | INFO: Tag[ view_filter ] --END-- [ RunTime:0.004490s ]
[ 2012-11-08T20:10:56+08:00 ] /php/app/ | INFO: Tag[ view_end ] --START--
[ 2012-11-08T20:10:56+08:00 ] /php/app/ | INFO: Run ShowPageTrace Behavior [ RunTime:0.001451s ]
[ 2012-11-08T20:10:56+08:00 ] /php/app/ | INFO: Tag[ view_end ] --END-- [ RunTime:0.001596s ]
[ 2012-11-08T20:12:20+08:00 ] /php/app/ | INFO: Tag[ app_begin ] --START--
[ 2012-11-08T20:12:20+08:00 ] /php/app/ | INFO: Run ReadHtmlCache Behavior [ RunTime:0.001807s ]
[ 2012-11-08T20:12:20+08:00 ] /php/app/ | INFO: Tag[ app_begin ] --END-- [ RunTime:0.002000s ]
[ 2012-11-08T20:12:20+08:00 ] /php/app/ | SQL: SHOW COLUMNS FROM `think_form` [ RunTime:0.002263s ]
[ 2012-11-08T20:12:20+08:00 ] /php/app/ | SQL: SELECT * FROM `think_form` ORDER BY id desc LIMIT 6   [ RunTime:0.007633s ]
[ 2012-11-08T20:12:20+08:00 ] /php/app/ | INFO: Tag[ view_template ] --START--
[ 2012-11-08T20:12:20+08:00 ] /php/app/ | INFO: Run LocationTemplate Behavior [ RunTime:0.001871s ]
[ 2012-11-08T20:12:20+08:00 ] /php/app/ | INFO: Tag[ view_template ] --END-- [ RunTime:0.001969s ]
[ 2012-11-08T20:12:20+08:00 ] /php/app/ | INFO: Tag[ view_parse ] --START--
[ 2012-11-08T20:12:20+08:00 ] /php/app/ | INFO: Run ParseTemplate Behavior [ RunTime:0.014694s ]
[ 2012-11-08T20:12:20+08:00 ] /php/app/ | INFO: Tag[ view_parse ] --END-- [ RunTime:0.014812s ]
[ 2012-11-08T20:12:20+08:00 ] /php/app/ | INFO: Tag[ view_filter ] --START--
[ 2012-11-08T20:12:20+08:00 ] /php/app/ | INFO: Run ContentReplace Behavior [ RunTime:0.001005s ]
[ 2012-11-08T20:12:20+08:00 ] /php/app/ | INFO: Run TokenBuild Behavior [ RunTime:0.001023s ]
[ 2012-11-08T20:12:20+08:00 ] /php/app/ | INFO: Run WriteHtmlCache Behavior [ RunTime:0.000851s ]
[ 2012-11-08T20:12:20+08:00 ] /php/app/ | INFO: Run ShowRuntime Behavior [ RunTime:0.001012s ]
[ 2012-11-08T20:12:20+08:00 ] /php/app/ | INFO: Tag[ view_filter ] --END-- [ RunTime:0.004115s ]
[ 2012-11-08T20:12:20+08:00 ] /php/app/ | INFO: Tag[ view_end ] --START--
[ 2012-11-08T20:12:20+08:00 ] /php/app/ | INFO: Run ShowPageTrace Behavior [ RunTime:0.001022s ]
[ 2012-11-08T20:12:20+08:00 ] /php/app/ | INFO: Tag[ view_end ] --END-- [ RunTime:0.001099s ]
[ 2012-11-08T20:12:46+08:00 ] /php/app/ | INFO: Tag[ app_begin ] --START--
[ 2012-11-08T20:12:46+08:00 ] /php/app/ | INFO: Run ReadHtmlCache Behavior [ RunTime:0.001391s ]
[ 2012-11-08T20:12:46+08:00 ] /php/app/ | INFO: Tag[ app_begin ] --END-- [ RunTime:0.001539s ]
[ 2012-11-08T20:12:46+08:00 ] /php/app/ | SQL: SHOW COLUMNS FROM `think_form` [ RunTime:0.003951s ]
[ 2012-11-08T20:12:46+08:00 ] /php/app/ | SQL: SELECT * FROM `think_form` ORDER BY id desc LIMIT 6   [ RunTime:0.008526s ]
[ 2012-11-08T20:12:46+08:00 ] /php/app/ | INFO: Tag[ view_template ] --START--
[ 2012-11-08T20:12:46+08:00 ] /php/app/ | INFO: Run LocationTemplate Behavior [ RunTime:0.001529s ]
[ 2012-11-08T20:12:46+08:00 ] /php/app/ | INFO: Tag[ view_template ] --END-- [ RunTime:0.001706s ]
[ 2012-11-08T20:12:46+08:00 ] /php/app/ | INFO: Tag[ view_parse ] --START--
[ 2012-11-08T20:12:46+08:00 ] /php/app/ | INFO: Run ParseTemplate Behavior [ RunTime:0.017988s ]
[ 2012-11-08T20:12:46+08:00 ] /php/app/ | INFO: Tag[ view_parse ] --END-- [ RunTime:0.018104s ]
[ 2012-11-08T20:12:46+08:00 ] /php/app/ | INFO: Tag[ view_filter ] --START--
[ 2012-11-08T20:12:46+08:00 ] /php/app/ | INFO: Run ContentReplace Behavior [ RunTime:0.000969s ]
[ 2012-11-08T20:12:46+08:00 ] /php/app/ | INFO: Run TokenBuild Behavior [ RunTime:0.001455s ]
[ 2012-11-08T20:12:46+08:00 ] /php/app/ | INFO: Run WriteHtmlCache Behavior [ RunTime:0.000818s ]
[ 2012-11-08T20:12:46+08:00 ] /php/app/ | INFO: Run ShowRuntime Behavior [ RunTime:0.001827s ]
[ 2012-11-08T20:12:46+08:00 ] /php/app/ | INFO: Tag[ view_filter ] --END-- [ RunTime:0.005344s ]
[ 2012-11-08T20:12:46+08:00 ] /php/app/ | INFO: Tag[ view_end ] --START--
[ 2012-11-08T20:12:46+08:00 ] /php/app/ | INFO: Run ShowPageTrace Behavior [ RunTime:0.002188s ]
[ 2012-11-08T20:12:46+08:00 ] /php/app/ | INFO: Tag[ view_end ] --END-- [ RunTime:0.002363s ]
[ 2012-11-08T20:13:56+08:00 ] /php/app/ | INFO: Tag[ app_begin ] --START--
[ 2012-11-08T20:13:56+08:00 ] /php/app/ | INFO: Run ReadHtmlCache Behavior [ RunTime:0.001171s ]
[ 2012-11-08T20:13:56+08:00 ] /php/app/ | INFO: Tag[ app_begin ] --END-- [ RunTime:0.001331s ]
[ 2012-11-08T20:13:56+08:00 ] /php/app/ | SQL: SHOW COLUMNS FROM `think_form` [ RunTime:0.025871s ]
[ 2012-11-08T20:13:56+08:00 ] /php/app/ | SQL: SELECT * FROM `think_form` ORDER BY id desc LIMIT 6   [ RunTime:0.005606s ]
[ 2012-11-08T20:13:56+08:00 ] /php/app/ | INFO: Tag[ view_template ] --START--
[ 2012-11-08T20:13:56+08:00 ] /php/app/ | INFO: Run LocationTemplate Behavior [ RunTime:0.001674s ]
[ 2012-11-08T20:13:56+08:00 ] /php/app/ | INFO: Tag[ view_template ] --END-- [ RunTime:0.001772s ]
[ 2012-11-08T20:13:56+08:00 ] /php/app/ | INFO: Tag[ view_parse ] --START--
[ 2012-11-08T20:13:56+08:00 ] /php/app/ | INFO: Run ParseTemplate Behavior [ RunTime:0.015598s ]
[ 2012-11-08T20:13:56+08:00 ] /php/app/ | INFO: Tag[ view_parse ] --END-- [ RunTime:0.015715s ]
[ 2012-11-08T20:13:56+08:00 ] /php/app/ | INFO: Tag[ view_filter ] --START--
[ 2012-11-08T20:13:56+08:00 ] /php/app/ | INFO: Run ContentReplace Behavior [ RunTime:0.000976s ]
[ 2012-11-08T20:13:56+08:00 ] /php/app/ | INFO: Run TokenBuild Behavior [ RunTime:0.000970s ]
[ 2012-11-08T20:13:56+08:00 ] /php/app/ | INFO: Run WriteHtmlCache Behavior [ RunTime:0.000745s ]
[ 2012-11-08T20:13:56+08:00 ] /php/app/ | INFO: Run ShowRuntime Behavior [ RunTime:0.000983s ]
[ 2012-11-08T20:13:56+08:00 ] /php/app/ | INFO: Tag[ view_filter ] --END-- [ RunTime:0.003892s ]
[ 2012-11-08T20:13:56+08:00 ] /php/app/ | INFO: Tag[ view_end ] --START--
[ 2012-11-08T20:13:56+08:00 ] /php/app/ | INFO: Run ShowPageTrace Behavior [ RunTime:0.001011s ]
[ 2012-11-08T20:13:56+08:00 ] /php/app/ | INFO: Tag[ view_end ] --END-- [ RunTime:0.001092s ]
[ 2012-11-08T20:14:31+08:00 ] /php/app/ | INFO: Tag[ app_begin ] --START--
[ 2012-11-08T20:14:31+08:00 ] /php/app/ | INFO: Run ReadHtmlCache Behavior [ RunTime:0.000699s ]
[ 2012-11-08T20:14:31+08:00 ] /php/app/ | INFO: Tag[ app_begin ] --END-- [ RunTime:0.000853s ]
[ 2012-11-08T20:14:31+08:00 ] /php/app/ | SQL: SHOW COLUMNS FROM `think_form` [ RunTime:0.002271s ]
[ 2012-11-08T20:14:31+08:00 ] /php/app/ | SQL: SELECT * FROM `think_form` ORDER BY id desc LIMIT 6   [ RunTime:0.009042s ]
[ 2012-11-08T20:14:31+08:00 ] /php/app/ | INFO: Tag[ view_template ] --START--
[ 2012-11-08T20:14:31+08:00 ] /php/app/ | INFO: Run LocationTemplate Behavior [ RunTime:0.001510s ]
[ 2012-11-08T20:14:31+08:00 ] /php/app/ | INFO: Tag[ view_template ] --END-- [ RunTime:0.001607s ]
[ 2012-11-08T20:14:31+08:00 ] /php/app/ | INFO: Tag[ view_parse ] --START--
[ 2012-11-08T20:14:31+08:00 ] /php/app/ | INFO: Run ParseTemplate Behavior [ RunTime:0.014770s ]
[ 2012-11-08T20:14:31+08:00 ] /php/app/ | INFO: Tag[ view_parse ] --END-- [ RunTime:0.014893s ]
[ 2012-11-08T20:14:31+08:00 ] /php/app/ | INFO: Tag[ view_filter ] --START--
[ 2012-11-08T20:14:31+08:00 ] /php/app/ | INFO: Run ContentReplace Behavior [ RunTime:0.000992s ]
[ 2012-11-08T20:14:31+08:00 ] /php/app/ | INFO: Run TokenBuild Behavior [ RunTime:0.000969s ]
[ 2012-11-08T20:14:31+08:00 ] /php/app/ | INFO: Run WriteHtmlCache Behavior [ RunTime:0.000746s ]
[ 2012-11-08T20:14:31+08:00 ] /php/app/ | INFO: Run ShowRuntime Behavior [ RunTime:0.000977s ]
[ 2012-11-08T20:14:31+08:00 ] /php/app/ | INFO: Tag[ view_filter ] --END-- [ RunTime:0.003901s ]
[ 2012-11-08T20:14:31+08:00 ] /php/app/ | INFO: Tag[ view_end ] --START--
[ 2012-11-08T20:14:31+08:00 ] /php/app/ | INFO: Run ShowPageTrace Behavior [ RunTime:0.001282s ]
[ 2012-11-08T20:14:31+08:00 ] /php/app/ | INFO: Tag[ view_end ] --END-- [ RunTime:0.001407s ]
[ 2012-11-08T20:16:04+08:00 ] /php/app/ | INFO: Tag[ app_begin ] --START--
[ 2012-11-08T20:16:04+08:00 ] /php/app/ | INFO: Run ReadHtmlCache Behavior [ RunTime:0.002307s ]
[ 2012-11-08T20:16:04+08:00 ] /php/app/ | INFO: Tag[ app_begin ] --END-- [ RunTime:0.002584s ]
[ 2012-11-08T20:16:04+08:00 ] /php/app/ | SQL: SHOW COLUMNS FROM `think_form` [ RunTime:0.002484s ]
[ 2012-11-08T20:16:04+08:00 ] /php/app/ | SQL: SELECT * FROM `think_form` ORDER BY id desc LIMIT 6   [ RunTime:0.008654s ]
[ 2012-11-08T20:16:04+08:00 ] /php/app/ | INFO: Tag[ view_template ] --START--
[ 2012-11-08T20:16:04+08:00 ] /php/app/ | INFO: Run LocationTemplate Behavior [ RunTime:0.001853s ]
[ 2012-11-08T20:16:04+08:00 ] /php/app/ | INFO: Tag[ view_template ] --END-- [ RunTime:0.001948s ]
[ 2012-11-08T20:16:04+08:00 ] /php/app/ | INFO: Tag[ view_parse ] --START--
[ 2012-11-08T20:16:04+08:00 ] /php/app/ | INFO: Run ParseTemplate Behavior [ RunTime:0.016250s ]
[ 2012-11-08T20:16:04+08:00 ] /php/app/ | INFO: Tag[ view_parse ] --END-- [ RunTime:0.016365s ]
[ 2012-11-08T20:16:04+08:00 ] /php/app/ | INFO: Tag[ view_filter ] --START--
[ 2012-11-08T20:16:04+08:00 ] /php/app/ | INFO: Run ContentReplace Behavior [ RunTime:0.001351s ]
[ 2012-11-08T20:16:04+08:00 ] /php/app/ | INFO: Run TokenBuild Behavior [ RunTime:0.001637s ]
[ 2012-11-08T20:16:04+08:00 ] /php/app/ | INFO: Run WriteHtmlCache Behavior [ RunTime:0.001012s ]
[ 2012-11-08T20:16:04+08:00 ] /php/app/ | INFO: Run ShowRuntime Behavior [ RunTime:0.001135s ]
[ 2012-11-08T20:16:04+08:00 ] /php/app/ | INFO: Tag[ view_filter ] --END-- [ RunTime:0.005462s ]
[ 2012-11-08T20:16:04+08:00 ] /php/app/ | INFO: Tag[ view_end ] --START--
[ 2012-11-08T20:16:04+08:00 ] /php/app/ | INFO: Run ShowPageTrace Behavior [ RunTime:0.001031s ]
[ 2012-11-08T20:16:04+08:00 ] /php/app/ | INFO: Tag[ view_end ] --END-- [ RunTime:0.001111s ]
[ 2012-11-08T20:16:57+08:00 ] /php/app/ | INFO: Tag[ app_begin ] --START--
[ 2012-11-08T20:16:57+08:00 ] /php/app/ | INFO: Run ReadHtmlCache Behavior [ RunTime:0.001143s ]
[ 2012-11-08T20:16:57+08:00 ] /php/app/ | INFO: Tag[ app_begin ] --END-- [ RunTime:0.001290s ]
[ 2012-11-08T20:16:57+08:00 ] /php/app/ | SQL: SHOW COLUMNS FROM `think_form` [ RunTime:0.002637s ]
[ 2012-11-08T20:16:57+08:00 ] /php/app/ | SQL: SELECT * FROM `think_form` ORDER BY id desc LIMIT 6   [ RunTime:0.008628s ]
[ 2012-11-08T20:16:57+08:00 ] /php/app/ | INFO: Tag[ view_template ] --START--
[ 2012-11-08T20:16:57+08:00 ] /php/app/ | INFO: Run LocationTemplate Behavior [ RunTime:0.001575s ]
[ 2012-11-08T20:16:57+08:00 ] /php/app/ | INFO: Tag[ view_template ] --END-- [ RunTime:0.001687s ]
[ 2012-11-08T20:16:57+08:00 ] /php/app/ | INFO: Tag[ view_parse ] --START--
[ 2012-11-08T20:16:57+08:00 ] /php/app/ | INFO: Run ParseTemplate Behavior [ RunTime:0.014951s ]
[ 2012-11-08T20:16:57+08:00 ] /php/app/ | INFO: Tag[ view_parse ] --END-- [ RunTime:0.015091s ]
[ 2012-11-08T20:16:57+08:00 ] /php/app/ | INFO: Tag[ view_filter ] --START--
[ 2012-11-08T20:16:57+08:00 ] /php/app/ | INFO: Run ContentReplace Behavior [ RunTime:0.001300s ]
[ 2012-11-08T20:16:57+08:00 ] /php/app/ | INFO: Run TokenBuild Behavior [ RunTime:0.001326s ]
[ 2012-11-08T20:16:57+08:00 ] /php/app/ | INFO: Run WriteHtmlCache Behavior [ RunTime:0.000984s ]
[ 2012-11-08T20:16:57+08:00 ] /php/app/ | INFO: Run ShowRuntime Behavior [ RunTime:0.001366s ]
[ 2012-11-08T20:16:57+08:00 ] /php/app/ | INFO: Tag[ view_filter ] --END-- [ RunTime:0.005326s ]
[ 2012-11-08T20:16:57+08:00 ] /php/app/ | INFO: Tag[ view_end ] --START--
[ 2012-11-08T20:16:57+08:00 ] /php/app/ | INFO: Run ShowPageTrace Behavior [ RunTime:0.001031s ]
[ 2012-11-08T20:16:57+08:00 ] /php/app/ | INFO: Tag[ view_end ] --END-- [ RunTime:0.001110s ]
[ 2012-11-08T20:17:38+08:00 ] /php/app/ | INFO: Tag[ app_begin ] --START--
[ 2012-11-08T20:17:38+08:00 ] /php/app/ | INFO: Run ReadHtmlCache Behavior [ RunTime:0.001530s ]
[ 2012-11-08T20:17:38+08:00 ] /php/app/ | INFO: Tag[ app_begin ] --END-- [ RunTime:0.001776s ]
[ 2012-11-08T20:17:38+08:00 ] /php/app/ | SQL: SHOW COLUMNS FROM `think_form` [ RunTime:0.002322s ]
[ 2012-11-08T20:17:38+08:00 ] /php/app/ | SQL: SELECT * FROM `think_form` ORDER BY id desc LIMIT 6   [ RunTime:0.008512s ]
[ 2012-11-08T20:17:38+08:00 ] /php/app/ | INFO: Tag[ view_template ] --START--
[ 2012-11-08T20:17:38+08:00 ] /php/app/ | INFO: Run LocationTemplate Behavior [ RunTime:0.002117s ]
[ 2012-11-08T20:17:38+08:00 ] /php/app/ | INFO: Tag[ view_template ] --END-- [ RunTime:0.002354s ]
[ 2012-11-08T20:17:38+08:00 ] /php/app/ | INFO: Tag[ view_parse ] --START--
[ 2012-11-08T20:17:38+08:00 ] /php/app/ | INFO: Run ParseTemplate Behavior [ RunTime:0.016552s ]
[ 2012-11-08T20:17:38+08:00 ] /php/app/ | INFO: Tag[ view_parse ] --END-- [ RunTime:0.016690s ]
[ 2012-11-08T20:17:38+08:00 ] /php/app/ | INFO: Tag[ view_filter ] --START--
[ 2012-11-08T20:17:38+08:00 ] /php/app/ | INFO: Run ContentReplace Behavior [ RunTime:0.001017s ]
[ 2012-11-08T20:17:38+08:00 ] /php/app/ | INFO: Run TokenBuild Behavior [ RunTime:0.001026s ]
[ 2012-11-08T20:17:38+08:00 ] /php/app/ | INFO: Run WriteHtmlCache Behavior [ RunTime:0.001029s ]
[ 2012-11-08T20:17:38+08:00 ] /php/app/ | INFO: Run ShowRuntime Behavior [ RunTime:0.001196s ]
[ 2012-11-08T20:17:38+08:00 ] /php/app/ | INFO: Tag[ view_filter ] --END-- [ RunTime:0.004521s ]
[ 2012-11-08T20:17:38+08:00 ] /php/app/ | INFO: Tag[ view_end ] --START--
[ 2012-11-08T20:17:38+08:00 ] /php/app/ | INFO: Run ShowPageTrace Behavior [ RunTime:0.001025s ]
[ 2012-11-08T20:17:38+08:00 ] /php/app/ | INFO: Tag[ view_end ] --END-- [ RunTime:0.001100s ]
[ 2012-11-08T20:18:19+08:00 ] /php/app/ | INFO: Tag[ app_begin ] --START--
[ 2012-11-08T20:18:19+08:00 ] /php/app/ | INFO: Run ReadHtmlCache Behavior [ RunTime:0.000799s ]
[ 2012-11-08T20:18:19+08:00 ] /php/app/ | INFO: Tag[ app_begin ] --END-- [ RunTime:0.000983s ]
[ 2012-11-08T20:18:19+08:00 ] /php/app/ | SQL: SHOW COLUMNS FROM `think_form` [ RunTime:0.002840s ]
[ 2012-11-08T20:18:19+08:00 ] /php/app/ | SQL: SELECT * FROM `think_form` ORDER BY id desc LIMIT 6   [ RunTime:0.008189s ]
[ 2012-11-08T20:18:19+08:00 ] /php/app/ | INFO: Tag[ view_template ] --START--
[ 2012-11-08T20:18:19+08:00 ] /php/app/ | INFO: Run LocationTemplate Behavior [ RunTime:0.000556s ]
[ 2012-11-08T20:18:19+08:00 ] /php/app/ | INFO: Tag[ view_template ] --END-- [ RunTime:0.000639s ]
[ 2012-11-08T20:18:19+08:00 ] /php/app/ | INFO: Tag[ view_parse ] --START--
[ 2012-11-08T20:18:19+08:00 ] /php/app/ | INFO: Run ParseTemplate Behavior [ RunTime:0.012574s ]
[ 2012-11-08T20:18:19+08:00 ] /php/app/ | INFO: Tag[ view_parse ] --END-- [ RunTime:0.012876s ]
[ 2012-11-08T20:18:19+08:00 ] /php/app/ | INFO: Tag[ view_filter ] --START--
[ 2012-11-08T20:18:19+08:00 ] /php/app/ | INFO: Run ContentReplace Behavior [ RunTime:0.000472s ]
[ 2012-11-08T20:18:19+08:00 ] /php/app/ | INFO: Run TokenBuild Behavior [ RunTime:0.000486s ]
[ 2012-11-08T20:18:19+08:00 ] /php/app/ | INFO: Run WriteHtmlCache Behavior [ RunTime:0.000260s ]
[ 2012-11-08T20:18:19+08:00 ] /php/app/ | INFO: Run ShowRuntime Behavior [ RunTime:0.000537s ]
[ 2012-11-08T20:18:19+08:00 ] /php/app/ | INFO: Tag[ view_filter ] --END-- [ RunTime:0.001970s ]
[ 2012-11-08T20:18:19+08:00 ] /php/app/ | INFO: Tag[ view_end ] --START--
[ 2012-11-08T20:18:19+08:00 ] /php/app/ | INFO: Run ShowPageTrace Behavior [ RunTime:0.000484s ]
[ 2012-11-08T20:18:19+08:00 ] /php/app/ | INFO: Tag[ view_end ] --END-- [ RunTime:0.000588s ]
[ 2012-11-08T20:18:36+08:00 ] /php/app/ | INFO: Tag[ app_begin ] --START--
[ 2012-11-08T20:18:36+08:00 ] /php/app/ | INFO: Run ReadHtmlCache Behavior [ RunTime:0.000650s ]
[ 2012-11-08T20:18:36+08:00 ] /php/app/ | INFO: Tag[ app_begin ] --END-- [ RunTime:0.000793s ]
[ 2012-11-08T20:18:36+08:00 ] /php/app/ | SQL: SHOW COLUMNS FROM `think_form` [ RunTime:0.002391s ]
[ 2012-11-08T20:18:36+08:00 ] /php/app/ | SQL: SELECT * FROM `think_form` ORDER BY id desc LIMIT 6   [ RunTime:0.007691s ]
[ 2012-11-08T20:18:36+08:00 ] /php/app/ | INFO: Tag[ view_template ] --START--
[ 2012-11-08T20:18:36+08:00 ] /php/app/ | INFO: Run LocationTemplate Behavior [ RunTime:0.000703s ]
[ 2012-11-08T20:18:36+08:00 ] /php/app/ | INFO: Tag[ view_template ] --END-- [ RunTime:0.000824s ]
[ 2012-11-08T20:18:36+08:00 ] /php/app/ | INFO: Tag[ view_parse ] --START--
[ 2012-11-08T20:18:36+08:00 ] /php/app/ | INFO: Run ParseTemplate Behavior [ RunTime:0.013939s ]
[ 2012-11-08T20:18:36+08:00 ] /php/app/ | INFO: Tag[ view_parse ] --END-- [ RunTime:0.014095s ]
[ 2012-11-08T20:18:36+08:00 ] /php/app/ | INFO: Tag[ view_filter ] --START--
[ 2012-11-08T20:18:36+08:00 ] /php/app/ | INFO: Run ContentReplace Behavior [ RunTime:0.000681s ]
[ 2012-11-08T20:18:36+08:00 ] /php/app/ | INFO: Run TokenBuild Behavior [ RunTime:0.000654s ]
[ 2012-11-08T20:18:36+08:00 ] /php/app/ | INFO: Run WriteHtmlCache Behavior [ RunTime:0.000344s ]
[ 2012-11-08T20:18:36+08:00 ] /php/app/ | INFO: Run ShowRuntime Behavior [ RunTime:0.000746s ]
[ 2012-11-08T20:18:36+08:00 ] /php/app/ | INFO: Tag[ view_filter ] --END-- [ RunTime:0.002774s ]
[ 2012-11-08T20:18:36+08:00 ] /php/app/ | INFO: Tag[ view_end ] --START--
[ 2012-11-08T20:18:36+08:00 ] /php/app/ | INFO: Run ShowPageTrace Behavior [ RunTime:0.000688s ]
[ 2012-11-08T20:18:36+08:00 ] /php/app/ | INFO: Tag[ view_end ] --END-- [ RunTime:0.000790s ]
[ 2012-11-08T20:19:20+08:00 ] /php/app/ | INFO: Tag[ app_begin ] --START--
[ 2012-11-08T20:19:20+08:00 ] /php/app/ | INFO: Run ReadHtmlCache Behavior [ RunTime:0.002027s ]
[ 2012-11-08T20:19:20+08:00 ] /php/app/ | INFO: Tag[ app_begin ] --END-- [ RunTime:0.002227s ]
[ 2012-11-08T20:19:20+08:00 ] /php/app/ | SQL: SHOW COLUMNS FROM `think_form` [ RunTime:0.003110s ]
[ 2012-11-08T20:19:20+08:00 ] /php/app/ | SQL: SELECT * FROM `think_form` ORDER BY id desc LIMIT 6   [ RunTime:0.009445s ]
[ 2012-11-08T20:19:20+08:00 ] /php/app/ | INFO: Tag[ view_template ] --START--
[ 2012-11-08T20:19:20+08:00 ] /php/app/ | INFO: Run LocationTemplate Behavior [ RunTime:0.002102s ]
[ 2012-11-08T20:19:20+08:00 ] /php/app/ | INFO: Tag[ view_template ] --END-- [ RunTime:0.002250s ]
[ 2012-11-08T20:19:20+08:00 ] /php/app/ | INFO: Tag[ view_parse ] --START--
[ 2012-11-08T20:19:20+08:00 ] /php/app/ | INFO: Run ParseTemplate Behavior [ RunTime:0.016480s ]
[ 2012-11-08T20:19:20+08:00 ] /php/app/ | INFO: Tag[ view_parse ] --END-- [ RunTime:0.016618s ]
[ 2012-11-08T20:19:20+08:00 ] /php/app/ | INFO: Tag[ view_filter ] --START--
[ 2012-11-08T20:19:20+08:00 ] /php/app/ | INFO: Run ContentReplace Behavior [ RunTime:0.001463s ]
[ 2012-11-08T20:19:20+08:00 ] /php/app/ | INFO: Run TokenBuild Behavior [ RunTime:0.001057s ]
[ 2012-11-08T20:19:20+08:00 ] /php/app/ | INFO: Run WriteHtmlCache Behavior [ RunTime:0.001090s ]
[ 2012-11-08T20:19:20+08:00 ] /php/app/ | INFO: Run ShowRuntime Behavior [ RunTime:0.001492s ]
[ 2012-11-08T20:19:20+08:00 ] /php/app/ | INFO: Tag[ view_filter ] --END-- [ RunTime:0.005453s ]
[ 2012-11-08T20:19:20+08:00 ] /php/app/ | INFO: Tag[ view_end ] --START--
[ 2012-11-08T20:19:20+08:00 ] /php/app/ | INFO: Run ShowPageTrace Behavior [ RunTime:0.001071s ]
[ 2012-11-08T20:19:20+08:00 ] /php/app/ | INFO: Tag[ view_end ] --END-- [ RunTime:0.001164s ]
[ 2012-11-08T20:19:52+08:00 ] /php/app/ | INFO: Tag[ app_begin ] --START--
[ 2012-11-08T20:19:52+08:00 ] /php/app/ | INFO: Run ReadHtmlCache Behavior [ RunTime:0.000712s ]
[ 2012-11-08T20:19:52+08:00 ] /php/app/ | INFO: Tag[ app_begin ] --END-- [ RunTime:0.000871s ]
[ 2012-11-08T20:19:52+08:00 ] /php/app/ | SQL: SHOW COLUMNS FROM `think_form` [ RunTime:0.003119s ]
[ 2012-11-08T20:19:52+08:00 ] /php/app/ | SQL: SELECT * FROM `think_form` ORDER BY id desc LIMIT 6   [ RunTime:0.009951s ]
[ 2012-11-08T20:19:52+08:00 ] /php/app/ | INFO: Tag[ view_template ] --START--
[ 2012-11-08T20:19:52+08:00 ] /php/app/ | INFO: Run LocationTemplate Behavior [ RunTime:0.002260s ]
[ 2012-11-08T20:19:52+08:00 ] /php/app/ | INFO: Tag[ view_template ] --END-- [ RunTime:0.002383s ]
[ 2012-11-08T20:19:52+08:00 ] /php/app/ | INFO: Tag[ view_parse ] --START--
[ 2012-11-08T20:19:52+08:00 ] /php/app/ | INFO: Run ParseTemplate Behavior [ RunTime:0.017669s ]
[ 2012-11-08T20:19:52+08:00 ] /php/app/ | INFO: Tag[ view_parse ] --END-- [ RunTime:0.017824s ]
[ 2012-11-08T20:19:52+08:00 ] /php/app/ | INFO: Tag[ view_filter ] --START--
[ 2012-11-08T20:19:52+08:00 ] /php/app/ | INFO: Run ContentReplace Behavior [ RunTime:0.001439s ]
[ 2012-11-08T20:19:52+08:00 ] /php/app/ | INFO: Run TokenBuild Behavior [ RunTime:0.001324s ]
[ 2012-11-08T20:19:52+08:00 ] /php/app/ | INFO: Run WriteHtmlCache Behavior [ RunTime:0.000970s ]
[ 2012-11-08T20:19:52+08:00 ] /php/app/ | INFO: Run ShowRuntime Behavior [ RunTime:0.001050s ]
[ 2012-11-08T20:19:52+08:00 ] /php/app/ | INFO: Tag[ view_filter ] --END-- [ RunTime:0.005180s ]
[ 2012-11-08T20:19:52+08:00 ] /php/app/ | INFO: Tag[ view_end ] --START--
[ 2012-11-08T20:19:52+08:00 ] /php/app/ | INFO: Run ShowPageTrace Behavior [ RunTime:0.000966s ]
[ 2012-11-08T20:19:52+08:00 ] /php/app/ | INFO: Tag[ view_end ] --END-- [ RunTime:0.001042s ]
[ 2012-11-08T20:19:59+08:00 ] /php/app/ | INFO: Tag[ app_begin ] --START--
[ 2012-11-08T20:19:59+08:00 ] /php/app/ | INFO: Run ReadHtmlCache Behavior [ RunTime:0.000602s ]
[ 2012-11-08T20:19:59+08:00 ] /php/app/ | INFO: Tag[ app_begin ] --END-- [ RunTime:0.000756s ]
[ 2012-11-08T20:19:59+08:00 ] /php/app/ | SQL: SHOW COLUMNS FROM `think_form` [ RunTime:0.002516s ]
[ 2012-11-08T20:19:59+08:00 ] /php/app/ | SQL: SELECT * FROM `think_form` ORDER BY id desc LIMIT 6   [ RunTime:0.008208s ]
[ 2012-11-08T20:19:59+08:00 ] /php/app/ | INFO: Tag[ view_template ] --START--
[ 2012-11-08T20:19:59+08:00 ] /php/app/ | INFO: Run LocationTemplate Behavior [ RunTime:0.001813s ]
[ 2012-11-08T20:19:59+08:00 ] /php/app/ | INFO: Tag[ view_template ] --END-- [ RunTime:0.001944s ]
[ 2012-11-08T20:19:59+08:00 ] /php/app/ | INFO: Tag[ view_parse ] --START--
[ 2012-11-08T20:19:59+08:00 ] /php/app/ | INFO: Run ParseTemplate Behavior [ RunTime:0.015383s ]
[ 2012-11-08T20:19:59+08:00 ] /php/app/ | INFO: Tag[ view_parse ] --END-- [ RunTime:0.015522s ]
[ 2012-11-08T20:19:59+08:00 ] /php/app/ | INFO: Tag[ view_filter ] --START--
[ 2012-11-08T20:19:59+08:00 ] /php/app/ | INFO: Run ContentReplace Behavior [ RunTime:0.001024s ]
[ 2012-11-08T20:19:59+08:00 ] /php/app/ | INFO: Run TokenBuild Behavior [ RunTime:0.001076s ]
[ 2012-11-08T20:19:59+08:00 ] /php/app/ | INFO: Run WriteHtmlCache Behavior [ RunTime:0.000770s ]
[ 2012-11-08T20:19:59+08:00 ] /php/app/ | INFO: Run ShowRuntime Behavior [ RunTime:0.000985s ]
[ 2012-11-08T20:19:59+08:00 ] /php/app/ | INFO: Tag[ view_filter ] --END-- [ RunTime:0.004095s ]
[ 2012-11-08T20:19:59+08:00 ] /php/app/ | INFO: Tag[ view_end ] --START--
[ 2012-11-08T20:19:59+08:00 ] /php/app/ | INFO: Run ShowPageTrace Behavior [ RunTime:0.000953s ]
[ 2012-11-08T20:19:59+08:00 ] /php/app/ | INFO: Tag[ view_end ] --END-- [ RunTime:0.001043s ]
[ 2012-11-08T20:20:21+08:00 ] /php/app/ | INFO: Tag[ app_begin ] --START--
[ 2012-11-08T20:20:21+08:00 ] /php/app/ | INFO: Run ReadHtmlCache Behavior [ RunTime:0.000698s ]
[ 2012-11-08T20:20:21+08:00 ] /php/app/ | INFO: Tag[ app_begin ] --END-- [ RunTime:0.000970s ]
[ 2012-11-08T20:20:21+08:00 ] /php/app/ | SQL: SHOW COLUMNS FROM `think_form` [ RunTime:0.003944s ]
[ 2012-11-08T20:20:21+08:00 ] /php/app/ | SQL: SELECT * FROM `think_form` ORDER BY id desc LIMIT 6   [ RunTime:0.008077s ]
[ 2012-11-08T20:20:21+08:00 ] /php/app/ | INFO: Tag[ view_template ] --START--
[ 2012-11-08T20:20:21+08:00 ] /php/app/ | INFO: Run LocationTemplate Behavior [ RunTime:0.001744s ]
[ 2012-11-08T20:20:21+08:00 ] /php/app/ | INFO: Tag[ view_template ] --END-- [ RunTime:0.001858s ]
[ 2012-11-08T20:20:21+08:00 ] /php/app/ | INFO: Tag[ view_parse ] --START--
[ 2012-11-08T20:20:22+08:00 ] /php/app/ | INFO: Run ParseTemplate Behavior [ RunTime:0.016940s ]
[ 2012-11-08T20:20:22+08:00 ] /php/app/ | INFO: Tag[ view_parse ] --END-- [ RunTime:0.017068s ]
[ 2012-11-08T20:20:22+08:00 ] /php/app/ | INFO: Tag[ view_filter ] --START--
[ 2012-11-08T20:20:22+08:00 ] /php/app/ | INFO: Run ContentReplace Behavior [ RunTime:0.001054s ]
[ 2012-11-08T20:20:22+08:00 ] /php/app/ | INFO: Run TokenBuild Behavior [ RunTime:0.001220s ]
[ 2012-11-08T20:20:22+08:00 ] /php/app/ | INFO: Run WriteHtmlCache Behavior [ RunTime:0.001138s ]
[ 2012-11-08T20:20:22+08:00 ] /php/app/ | INFO: Run ShowRuntime Behavior [ RunTime:0.001159s ]
[ 2012-11-08T20:20:22+08:00 ] /php/app/ | INFO: Tag[ view_filter ] --END-- [ RunTime:0.004839s ]
[ 2012-11-08T20:20:22+08:00 ] /php/app/ | INFO: Tag[ view_end ] --START--
[ 2012-11-08T20:20:22+08:00 ] /php/app/ | INFO: Run ShowPageTrace Behavior [ RunTime:0.001342s ]
[ 2012-11-08T20:20:22+08:00 ] /php/app/ | INFO: Tag[ view_end ] --END-- [ RunTime:0.001501s ]
[ 2012-11-08T20:21:00+08:00 ] /php/app/ | INFO: Tag[ app_begin ] --START--
[ 2012-11-08T20:21:00+08:00 ] /php/app/ | INFO: Run ReadHtmlCache Behavior [ RunTime:0.001214s ]
[ 2012-11-08T20:21:00+08:00 ] /php/app/ | INFO: Tag[ app_begin ] --END-- [ RunTime:0.001351s ]
[ 2012-11-08T20:21:00+08:00 ] /php/app/ | SQL: SHOW COLUMNS FROM `think_form` [ RunTime:0.002881s ]
[ 2012-11-08T20:21:00+08:00 ] /php/app/ | SQL: SELECT * FROM `think_form` ORDER BY id desc LIMIT 6   [ RunTime:0.008441s ]
[ 2012-11-08T20:21:00+08:00 ] /php/app/ | INFO: Tag[ view_template ] --START--
[ 2012-11-08T20:21:00+08:00 ] /php/app/ | INFO: Run LocationTemplate Behavior [ RunTime:0.001513s ]
[ 2012-11-08T20:21:00+08:00 ] /php/app/ | INFO: Tag[ view_template ] --END-- [ RunTime:0.001601s ]
[ 2012-11-08T20:21:00+08:00 ] /php/app/ | INFO: Tag[ view_parse ] --START--
[ 2012-11-08T20:21:00+08:00 ] /php/app/ | INFO: Run ParseTemplate Behavior [ RunTime:0.015751s ]
[ 2012-11-08T20:21:00+08:00 ] /php/app/ | INFO: Tag[ view_parse ] --END-- [ RunTime:0.015871s ]
[ 2012-11-08T20:21:00+08:00 ] /php/app/ | INFO: Tag[ view_filter ] --START--
[ 2012-11-08T20:21:00+08:00 ] /php/app/ | INFO: Run ContentReplace Behavior [ RunTime:0.000976s ]
[ 2012-11-08T20:21:00+08:00 ] /php/app/ | INFO: Run TokenBuild Behavior [ RunTime:0.000981s ]
[ 2012-11-08T20:21:00+08:00 ] /php/app/ | INFO: Run WriteHtmlCache Behavior [ RunTime:0.000953s ]
[ 2012-11-08T20:21:00+08:00 ] /php/app/ | INFO: Run ShowRuntime Behavior [ RunTime:0.001140s ]
[ 2012-11-08T20:21:00+08:00 ] /php/app/ | INFO: Tag[ view_filter ] --END-- [ RunTime:0.004307s ]
[ 2012-11-08T20:21:00+08:00 ] /php/app/ | INFO: Tag[ view_end ] --START--
[ 2012-11-08T20:21:00+08:00 ] /php/app/ | INFO: Run ShowPageTrace Behavior [ RunTime:0.001040s ]
[ 2012-11-08T20:21:00+08:00 ] /php/app/ | INFO: Tag[ view_end ] --END-- [ RunTime:0.001118s ]
